Беременности с абортивным исходом: На 100 родов
Беременности с абортивным исходом: На 1000 женщин 15‒49 лет
Виды экологических троп и маршрутов на территории государственных природных заповедников и национальных парков
Выбросы загрязняющих атмосферу веществ стационарными и передвижными источниками
Выбросы загрязняющих атмосферу веществ, отходящих от стационарных источников
Выбросы загрязняющих веществ в атмосферный воздух, отходящих от стационарных источников
Выбывшие из субъектов Российской Федерации в отдельные страны
Государственные природные заповедники и национальные парки
Граница бедности
Границы бедности
Грузооборот автомобильного транспорта организаций всех видов деятельности
Детские оздоровительные лагеря: Число детских оздоровительных лагерей
Доля уловленных и обезвреженных загрязняющих атмосферу веществ в общем количестве отходящих загрязняющих веществ от стационарных источников
Дорожное хозяйство городов и поселков городского типа
Заболевания, осложнившие роды и послеродовой период
Зеленые массивы и насаждения в городах
Зоопарки
Индексы физического объема юридических услуг
Искусственное лесовосстановление
Использование свежей воды
Использование свежей воды на хозяйственно-питьевые нужды
Использование электронного документооборота в организациях: Организации, использовавшие системы электронного документооборота
Использование электронного документооборота в организациях: Организации, использовавшие электронный обмен данными между своими и внешними информационными системами, по форматам обмена
Итоги сплошных наблюдений: Число индивидуальных предпринимателей
Итоги сплошных наблюдений: Число малых предприятий
Количество особо охраняемых природных территорий
Количество охотпользователей
Количество подразделений ПАО Сбербанк
Количество подразделений ПАО Сбербанка России
Контингенты пациентов с алкоголизмом и алкогольными психозами по субъктам Российской Федерации
Контингенты пациентов с диагнозом сифилиса
Контингенты пациентов с наркоманией
Контингенты пациентов с психическими расстройствами и расстройствами поведения
Контингенты пациентов с токсикоманией
Контингенты пациентов со злокачественными новообразованиями
Крестьянские (фермерские) хозяйства, получившие грантовую поддержку
Лесовосстановление
Лесоразведение
Наличие предметов длительного пользования в домашних хозяйствах
Некоторые виды зарегистрированных преступлений
Номинальный и реальный размер назначенных пенсий
Объем отпуска коммунальных услуг, счет за которые выставлен по показаниям приборов учета
Ожидаемая продолжительность жизни при рождении
Ожидаемая продолжительность жизни при рождении: Женщины
Ожидаемая продолжительность жизни при рождении: Мужчины
Организации, имевшие веб-сайт
Отдельные показатели деятельности страховщиков, исходя из места заключения договора: Выплаты по договорам страхования
Отдельные показатели деятельности страховщиков, исходя из места заключения договора: Страховые премии (взносы)
Отдельные показатели деятельности страховщиков: Выплаты по договорам страхования
Отдельные показатели деятельности страховщиков: Страховые премии (взносы)
Отправление грузов железнодорожным транспортом общего пользования
Отправление пассажиров железнодорожным транспортом общего пользования
Пассажирооборот автобусов общего пользования
Перевозки грузов автомобильным транспортом организаций всех видов деятельности
Перевозки пассажиров автобусами общего пользования
Плотность железнодорожных путей общего пользования
Поголовье коров
Поголовье крупного рогатого скота
Поголовье овец и коз
Поголовье свиней
Поголовье северных оленей
Потери воды при транспортировке
Прерывание беременности (аборты)
Прерывание беременности (аборты): На 100 родов
Прерывание беременности (аборты): На 1000 женщин 15‒49 лет
Прибывшие в субъекты Российской Федерации из отдельных стран
Продукция сельского хозяйства
Профилактический учет пациентов с психическими расстройствами и расстройствами поведения, связанными с употреблением с вредными последствиями психоактивных веществ
Распределение мигрантов человек
Распределение числа выбывших по направлениям передвижения: В другие регионы России
Распределение числа выбывших по направлениям передвижения: В пределах региона
Распределение числа выбывших по направлениям передвижения: За пределы России
Распределение числа домов блокированной застройки по годам постройки
Распределение числа домов блокированной застройки по проценту износа
Распределение числа многоквартирных домов по годам постройки
Распределение числа многоквартирных домов по проценту износа
Распределение числа прибывших по направлениям передвижения: В пределах региона
Распределение числа прибывших по направлениям передвижения: Из других регионов
Распределение числа прибывших по направлениям передвижения: Из-за пределов России
Родившиеся (без мертворожденных) и умершие человек
Соотношение браков и разводов
Соотношение мужчин и женщин
Средний размер назначенных пенсий
Средняя продолжительность поиска работы безработными
Страховые премии (взносы) и выплаты страховщиков
Структура безработных по возрастным группам
Структура безработных по способам поиска работы
Структура занятых по возрастным группам
Структура продукции сельского хозяйства по категориям хозяйств
Туристские фирмы: Число туристских фирм
Удельный вес объема отпуска коммунальных услуг, счет за которые выставлен по показаниям приборов учета, в общем объеме отпуска коммунальных услуг
Удельный вес убыточных организаций
Удельный вес убыточных организаций и сумма убытка
Улавливание загрязняющих атмосферу веществ, отходящих от стационарных источников
Уличное освещение городов и поселков городского типа
Улов рыбы и добыча других водных биоресурсов
Уловлено и обезврежено загрязняющих атмосферу веществ, отходящих от стационарных источников
Умершие в трудоспособном возрасте
Фактическое конечное потребление домашних хозяйств на территории субъектов Российской Федерации
Фактическое конечное потребление домашних хозяйств на территории субъектов Российской Федерации: Всего
Характеристика состояния атмосферного воздуха
Число амбулаторно-поликлинических организаций
Число граждан Российской Федерации, отправленных туристскими фирмами по другим странам
Число лиц, потерпевших от преступных посягательств
Число организаций
Число организаций отдыха
Число партнеров, занятых в сфере индивидуального предпринимательства
Число помогающих членов семьи, занятых в сфере индивидуального предпринимательства
Число санаториев
Число санаториев-профилакториев
Число спортивных сооружений
Число спортивных сооружений: Плавательные бассейны
Число спортивных сооружений: Плоскостные спортивные сооружения
Число спортивных сооружений: Спортивные залы
Число спортивных сооружений: Стадионы с трибунами на 1500 мест и более
Число фактически действующих индивидуальных предпринимателей